Product with ASIN B07P976BBH already exists, skipping.
Product with ASIN B0CNM32TLW already exists, skipping.
Saved product Apple iPhone 15 Pro Max, 256GB, Natural Titanium for Cricket Wireless (Renewed) with ASIN B0DK11TCYS
Saved product Apple iPhone 11, US Version, 256GB, Purple - AT&T (Renewed) with ASIN B081Y5FGBC
Saved product Apple iPhone 15 Plus, 512GB, Pink - AT&T (Renewed) with ASIN B0CMT2R5CM
Saved product Apple iPhone 14 Plus, 128GB, Blue for Boost Mobile (Renewed) with ASIN B0DK2L7XN2
Product with ASIN B09JTRHXWT already exists, skipping.
Saved product Apple iPhone 14 Plus, 256GB, (PRODUCT)Red for Boost Mobile (Renewed) with ASIN B0DK2MNG2Q
Product with ASIN B0DGLXJ621 already exists, skipping.
Product with ASIN B0DGLZ1ZNG already exists, skipping.
Saved product Apple iPhone 16 (256 GB) - Black [Locked]. Apple Intelligence. Requires Unlimited Plan. with ASIN B0DGLYQGY5
Product with ASIN B0D4QK9XRP already exists, skipping.
Product with ASIN B0DGLXFJ62 already exists, skipping.
Saved product Apple iPhone 12, 64GB, Black - Unlocked (Renewed Premium) with ASIN B09JFNTCLX
Product with ASIN B08PNMBYZ4 already exists, skipping.
Product with ASIN B0BYLLR7QZ already exists, skipping.
Moving to the next page: 2
Saved product Travel Data Plan Europe- Prepaid International eSIM Card 50 GB Internet Data in 5G/4G/LTE (Data tethering Allowed) for Unlocked iPhone and Android No Extra Charge or Roaming fees. Easy to use. with ASIN B0CTKVR7FP
Saved product 30× Multipack Wired Earbuds with Microphone | for Schools, Libraries, Museums, etc. | 8 Assorted Colors of Headphones with Microphone | Affordable 3.5 mm Headphones for Kids & Adults with ASIN B072JW2Q68
Product with ASIN B08BHTDLJR already exists, skipping.
Product with ASIN B0BGQKY8S9 already exists, skipping.
Product with ASIN B0CNL4VKWN already exists, skipping.
Product with ASIN B0BYLNB9P9 already exists, skipping.
Product with ASIN B0BYLZV28Y already exists, skipping.
Product with ASIN B0BYH9S5MT already exists, skipping.
Product with ASIN B0CK55NFNK already exists, skipping.
Product with ASIN B0D3F7RVMM already exists, skipping.
Product with ASIN B0D3F7T32Z already exists, skipping.
Product with ASIN B0BVL41FQ5 already exists, skipping.
Product with ASIN B0BYHD5LN7 already exists, skipping.
Product with ASIN B09LPS396Z already exists, skipping.
Saved product Apple iPhone 7 4G LTE Prepaid Smartphone - 32GB - Black - Carrier Locked with ASIN B08CL4CCG2
Product with ASIN B0CLKCZCMV already exists, skipping.
Product with ASIN B097QDTNM5 already exists, skipping.
Product with ASIN B00A8DI7OK already exists, skipping.
Moving to the next page: 3
Product with ASIN B0CTKVR7FP already exists, skipping.
Product with ASIN B0DDPGNHF9 already exists, skipping.
Product with ASIN B00F3IIVV4 already exists, skipping.
Created a new brand entry for Samsung
Saved product Galaxy A15 (SM-155M/DSN), 128GB 6GB RAM, Dual SIM, Factory Unlocked GSM, International Version (Wall Charger Bundle) (Light Blue) with ASIN B0CSB22F9C
Saved product Galaxy A35 5G A Series Cell Phone, 128GB Unlocked Android Smartphone, AMOLED Display, Advanced Triple Camera System, Expandable Storage, Rugged Design, US Version, 2024, Awesome Lilac with ASIN B0CV4NH5T9
Saved product Galaxy S24 Ultra Cell Phone, 512GB AI Smartphone, Unlocked Android, 50MP Zoom Camera, Long Battery Life, S Pen, US Version, 2024, Titanium Violet with ASIN B0CMDPJ8Y8
Saved product Galaxy Buds 3 Pro AI True Wireless Bluetooth Earbuds, Noise Cancelling, Sound Optimization, Real-Time Interpreter, Redesigned Comfort Fit, Silver [US Version, Amazon Exclusive 2Yr Warranty] with ASIN B0D9YZJ3V7
Saved product Galaxy Watch 6 44mm Bluetooth Smartwatch, Fitness Tracker, Personalized HR Zones, Advanced Sleep Coaching, Heart Monitor, BIA Sensor, Health Wellness Insights, Big Screen, US Version, Graphite with ASIN B0C797946T
Saved product Galaxy Tab A9+ Tablet 11” 64GB Android Tablet, Big Screen, Quad Speakers, Upgraded Chipset, Multi Window Display, Slim, Light, Durable Design, US Version, 2024, Graphite with ASIN B0CLF3VPMV
Saved product Galaxy Watch Ultra 47mm LTE AI Smartwatch w/Energy Score, Wellness Tips, Heart Rate Tracking, Sleep Monitor, Fitness Tracker, GPS, 2024,Titanium Silver [US Version, 1Yr Manufacturer Warranty] with ASIN B0D1YLBBMB
Saved product Galaxy Tab S9 FE 10.9” 128GB WiFi Android Tablet, Large Display, Long Battery Life, Powerful Processor, S Pen, 8MP Camera, Lightweight Durable Design, Expandable Storage, US Version,2023, Gray with ASIN B0CCX11JT6
Saved product Galaxy Buds FE True Wireless Bluetooth Earbuds, Comfort and Secure in Ear Fit, Auto Switch Audio, Touch Control, Built-in Voice Assistant, Graphite [US Version, 1Yr Manufacturer Warranty] with ASIN B0CF7GYNW2
Saved product Galaxy A15 5G A Series Cell Phone, 128GB Unlocked Android Smartphone, AMOLED Display, Expandable Storage, Knox Security, Super Fast Charging, US Version, 2024, Blue Black with ASIN B0CN1QSH8Q
Saved product Galaxy A15 A155M 128GB Dual-SIM GSM Unlocked Android Smartphone (Latin America Version) - Blue Black with ASIN B0CSB14R7J
Saved product Galaxy Z Fold 6 AI Cell Phone, 256GB Unlocked Android Smartphone, Circle to Search, Handsfree Live Interpreter, AI Photo Edits, Large Screen, 2024, US 1 Yr Manufacturer Warranty, Pink with ASIN B0D18T21R2
Saved product Galaxy A05 A055M 64GB Dual-SIM GSM Unlocked Android Smartphone (Latin America Version) - Silver with ASIN B0CRWKNP7S
Saved product Galaxy Z Fold 6 AI Cell Phone, 512GB Unlocked Android Smartphone, Circle to Search, Handsfree Live Interpreter, AI Photo Edits, Large Screen, 2024,US 1 Yr Manufacturer Warranty, Navy with ASIN B0D198N6Y6
Saved product Galaxy A15 (SM-155M/DSN), 128GB 6GB RAM, Dual SIM, Factory Unlocked GSM, International Version (Ring Grip Case Bundle) (Blue Black) with ASIN B0CV31FT2V
Saved product Galaxy SmartTag2, Bluetooth Tracker, Smart Tag GPS Locator Tracking Device, Item Finder for Keys, Wallet, Luggage, Pets, Use w/ Phones and Tablets Android 11 or Later, 2023, 1 Pack, Black with ASIN B0CCBXRYRC
Saved product Samsung Fast Charger 45W USB C Super Fast Charging Type C Charger Cord 6ft Android Phone Charger for Samsung Galaxy C55 S24 S23 S22 S21 S20 Ultra Plus FE Note20/10 ZFold5 ZFlip5 A55 A15 A25 Galaxy Tab with ASIN B0CW8V5789
Saved product Galaxy A15 A155M 128GB Dual-SIM GSM Unlocked Android Smartphone (Latin America Version) - Yellow with ASIN B0CSB1GX4H
Saved product USB C Fast Charger Block: 160W GaN Charger 6 Port PD Charging Station Hub Brick for All iPad iPhone 16 Pro Max - Wall Charger Power Adapter for Samsung Galaxy Note - Laptop Charger for MacBook Air Pro with ASIN B0CNJXRQ9B
Saved product Car Phone Holder Mount: 3-in-1 Universal Cell Phone Holder Windshield Dashboard Vent Clip Hands Free Car Mount for iPhone Samsung All Smartphone (Silicone Surface) with ASIN B0DB8BM2F5
Saved product Samsung 45W USB C Super Fast Charger, Type C Charger Fast Charging Wall Block - PD GaN Power PPS Charger for Samsung Galaxy S24 S23 S22 Ultra Plus S20 Note10 Tab S8 Ultra with ASIN B0D7PDYWZQ
Moving to the next page: 2
Product with ASIN B0D18T21R2 already exists, skipping.
Saved product I24 Ultra Unlocked Phone,Built in Pen The Phone,Smartphone Battery 6800mAh 6.8" HD Screen,Android 13.0 6+256GB with 128GB Memory Card Cell Phone,5G/Face ID/Fingerprint Lock/GPS (Grey, 6+256) with ASIN B0DCPDN5XN
